Jan 17, 2020 11:38:31 AM org.apache.catalina.core.AprLifecycleListener init
INFO: The APR based Apache Tomcat Native library which allows optimal performance in production environments was not found on the java.library.path: /usr/java/packages/lib/amd64:/usr/lib/x86_64-linux-gnu/jni:/lib/x86_64-linux-gnu:/usr/lib/x86_64-linux-gnu:/usr/lib/jni:/lib:/usr/lib
Jan 17, 2020 11:38:31 AM org.apache.catalina.startup.SetAllPropertiesRule begin
WARNING: [SetAllPropertiesRule]{Server/Service/Connector} Setting property 'maxSpareThreads' to '75' did not find a matching property.
Jan 17, 2020 11:38:31 AM org.apache.coyote.AbstractProtocol init
INFO: Initializing ProtocolHandler ["http-bio-8080"]
Jan 17, 2020 11:38:31 AM org.apache.coyote.AbstractProtocol init
INFO: Initializing ProtocolHandler ["ajp-bio-8009"]
Jan 17, 2020 11:38:31 AM org.apache.catalina.startup.Catalina load
INFO: Initialization processed in 727 ms
Jan 17, 2020 11:38:31 AM org.apache.catalina.core.StandardService startInternal
INFO: Starting service Catalina
Jan 17, 2020 11:38:31 AM org.apache.catalina.core.StandardEngine startInternal
INFO: Starting Servlet Engine: Apache Tomcat/7.0.55
Jan 17, 2020 11:38:31 AM org.apache.catalina.startup.HostConfig deployWAR
INFO: Deploying web application archive /opt/eulfedora_ci/fedora_ci/tomcat/webapps/fedora.war
Jan 17, 2020 11:39:28 AM org.apache.catalina.startup.HostConfig deployWAR
INFO: Deployment of web application archive /opt/eulfedora_ci/fedora_ci/tomcat/webapps/fedora.war has finished in 57,226 ms
Jan 17, 2020 11:39:28 AM org.apache.catalina.startup.HostConfig deployWAR
INFO: Deploying web application archive /opt/eulfedora_ci/fedora_ci/tomcat/webapps/fedora-demo.war
Jan 17, 2020 11:39:28 AM org.apache.catalina.startup.HostConfig deployWAR
INFO: Deployment of web application archive /opt/eulfedora_ci/fedora_ci/tomcat/webapps/fedora-demo.war has finished in 193 ms
Jan 17, 2020 11:39:28 AM org.apache.catalina.startup.HostConfig deployWAR
INFO: Deploying web application archive /opt/eulfedora_ci/fedora_ci/tomcat/webapps/imagemanip.war
Jan 17, 2020 11:39:29 AM org.apache.catalina.startup.HostConfig deployWAR
INFO: Deployment of web application archive /opt/eulfedora_ci/fedora_ci/tomcat/webapps/imagemanip.war has finished in 539 ms
Jan 17, 2020 11:39:29 AM org.apache.catalina.startup.HostConfig deployWAR
INFO: Deploying web application archive /opt/eulfedora_ci/fedora_ci/tomcat/webapps/fop.war
Jan 17, 2020 11:39:31 AM org.apache.catalina.startup.HostConfig deployWAR
INFO: Deployment of web application archive /opt/eulfedora_ci/fedora_ci/tomcat/webapps/fop.war has finished in 1,880 ms
Jan 17, 2020 11:39:31 AM org.apache.catalina.startup.HostConfig deployWAR
INFO: Deploying web application archive /opt/eulfedora_ci/fedora_ci/tomcat/webapps/saxon.war
Jan 17, 2020 11:39:31 AM org.apache.catalina.startup.HostConfig deployWAR
INFO: Deployment of web application archive /opt/eulfedora_ci/fedora_ci/tomcat/webapps/saxon.war has finished in 419 ms
Jan 17, 2020 11:39:31 AM org.apache.catalina.startup.HostConfig deployDirectory
INFO: Deploying web application directory /opt/eulfedora_ci/fedora_ci/tomcat/webapps/host-manager
Jan 17, 2020 11:39:31 AM org.apache.catalina.startup.HostConfig deployDirectory
INFO: Deployment of web application directory /opt/eulfedora_ci/fedora_ci/tomcat/webapps/host-manager has finished in 79 ms
Jan 17, 2020 11:39:31 AM org.apache.catalina.startup.HostConfig deployDirectory
INFO: Deploying web application directory /opt/eulfedora_ci/fedora_ci/tomcat/webapps/ROOT
Jan 17, 2020 11:39:31 AM org.apache.catalina.startup.HostConfig deployDirectory
INFO: Deployment of web application directory /opt/eulfedora_ci/fedora_ci/tomcat/webapps/ROOT has finished in 71 ms
Jan 17, 2020 11:39:31 AM org.apache.catalina.startup.HostConfig deployDirectory
INFO: Deploying web application directory /opt/eulfedora_ci/fedora_ci/tomcat/webapps/examples
Jan 17, 2020 11:39:32 AM org.apache.catalina.startup.HostConfig deployDirectory
INFO: Deployment of web application directory /opt/eulfedora_ci/fedora_ci/tomcat/webapps/examples has finished in 325 ms
Jan 17, 2020 11:39:32 AM org.apache.catalina.startup.HostConfig deployDirectory
INFO: Deploying web application directory /opt/eulfedora_ci/fedora_ci/tomcat/webapps/manager
Jan 17, 2020 11:39:32 AM org.apache.catalina.startup.HostConfig deployDirectory
INFO: Deployment of web application directory /opt/eulfedora_ci/fedora_ci/tomcat/webapps/manager has finished in 67 ms
Jan 17, 2020 11:39:32 AM org.apache.catalina.startup.HostConfig deployDirectory
INFO: Deploying web application directory /opt/eulfedora_ci/fedora_ci/tomcat/webapps/docs
Jan 17, 2020 11:39:32 AM org.apache.catalina.startup.HostConfig deployDirectory
INFO: Deployment of web application directory /opt/eulfedora_ci/fedora_ci/tomcat/webapps/docs has finished in 47 ms
Jan 17, 2020 11:39:32 AM org.apache.coyote.AbstractProtocol start
INFO: Starting ProtocolHandler ["http-bio-8080"]
Jan 17, 2020 11:39:32 AM org.apache.coyote.AbstractProtocol start
INFO: Starting ProtocolHandler ["ajp-bio-8009"]
Jan 17, 2020 11:39:32 AM org.apache.catalina.startup.Catalina start
INFO: Server startup in 60983 ms
Jan 17, 2020 11:39:58 AM org.apache.catalina.core.StandardServer await
INFO: A valid shutdown command was received via the shutdown port. Stopping the Server instance.
Jan 17, 2020 11:39:58 AM org.apache.coyote.AbstractProtocol pause
INFO: Pausing ProtocolHandler ["http-bio-8080"]
Jan 17, 2020 11:39:58 AM org.apache.coyote.AbstractProtocol pause
INFO: Pausing ProtocolHandler ["ajp-bio-8009"]
Jan 17, 2020 11:39:58 AM org.apache.catalina.core.StandardService stopInternal
INFO: Stopping service Catalina
Jan 17, 2020 11:39:59 AM org.apache.catalina.loader.WebappClassLoader clearReferencesThreads
SEVERE: The web application [/fedora] appears to have started a thread named [JotmBatch] but has failed to stop it. This is very likely to create a memory leak.
Jan 17, 2020 11:39:59 AM org.apache.catalina.loader.WebappClassLoader clearReferencesThreads
SEVERE: The web application [/fedora] appears to have started a thread named [JotmClock] but has failed to stop it. This is very likely to create a memory leak.
Jan 17, 2020 11:39:59 AM org.apache.catalina.loader.WebappClassLoader clearReferencesThreads
SEVERE: The web application [/fedora] appears to have started a thread named [Write-lock Reaper] but has failed to stop it. This is very likely to create a memory leak.
Jan 17, 2020 11:39:59 AM org.apache.catalina.loader.WebappClassLoader clearReferencesThreads
SEVERE: The web application [/fedora] appears to have started a thread named [Thread-5] but has failed to stop it. This is very likely to create a memory leak.
Jan 17, 2020 11:39:59 AM org.apache.coyote.AbstractProtocol stop
INFO: Stopping ProtocolHandler ["http-bio-8080"]
Jan 17, 2020 11:39:59 AM org.apache.coyote.AbstractProtocol stop
INFO: Stopping ProtocolHandler ["ajp-bio-8009"]
Jan 17, 2020 11:39:59 AM org.apache.coyote.AbstractProtocol destroy
INFO: Destroying ProtocolHandler ["http-bio-8080"]
Jan 17, 2020 11:39:59 AM org.apache.coyote.AbstractProtocol destroy
INFO: Destroying ProtocolHandler ["ajp-bio-8009"]
